2018-05-09 00:29:30.627  [http-nio-8091-exec-3] DEBUG [com.mooc.house.biz.mapper.AgencyMapper.select:] http-nio-8091-exec-3cid - ==>  Preparing: select id , name, address, phone, email, about_us, mobile, web_site from agency 
2018-05-09 00:29:30.668  [http-nio-8091-exec-3] DEBUG [com.mooc.house.biz.mapper.AgencyMapper.select:] http-nio-8091-exec-3cid - ==> Parameters: 
2018-05-09 00:29:30.712  [http-nio-8091-exec-3] DEBUG [com.mooc.house.biz.mapper.AgencyMapper.select:] http-nio-8091-exec-3cid - <==      Total: 5
2018-05-09 00:29:42.711  [http-nio-8091-exec-6] DEBUG [com.mooc.house.biz.mapper.HouseMapper.selectPageHouses:] http-nio-8091-exec-6cid - ==>  Preparing: select a.id, a.type, a.name, a.price, a.images, a.area, a.beds, a.baths, a.rating, a.remarks, a.properties, a.floor_plan, a.tags, a.create_time, a.city_id, a.community_id, a.address, a.state from house a WHERE state = 1 and a.type = ? order by a.create_time desc limit ?,? 
2018-05-09 00:29:42.736  [http-nio-8091-exec-6] DEBUG [com.mooc.house.biz.mapper.HouseMapper.selectPageHouses:] http-nio-8091-exec-6cid - ==> Parameters: 1(Integer), 0(Integer), 5(Integer)
2018-05-09 00:29:42.852  [http-nio-8091-exec-6] DEBUG [com.mooc.house.biz.mapper.HouseMapper.selectPageHouses:] http-nio-8091-exec-6cid - <==      Total: 5
2018-05-09 00:29:42.875  [http-nio-8091-exec-6] DEBUG [com.mooc.house.biz.mapper.HouseMapper.selectPageCount:] http-nio-8091-exec-6cid - ==>  Preparing: select count(id) from house a WHERE state = 1 and a.type = ? 
2018-05-09 00:29:42.882  [http-nio-8091-exec-6] DEBUG [com.mooc.house.biz.mapper.HouseMapper.selectPageCount:] http-nio-8091-exec-6cid - ==> Parameters: 1(Integer)
2018-05-09 00:29:42.886  [http-nio-8091-exec-6] DEBUG [com.mooc.house.biz.mapper.HouseMapper.selectPageCount:] http-nio-8091-exec-6cid - <==      Total: 1
2018-05-09 00:29:52.626  [http-nio-8091-exec-2] DEBUG [com.mooc.house.biz.mapper.HouseMapper.selectPageHouses:] http-nio-8091-exec-2cid - ==>  Preparing: select a.id, a.type, a.name, a.price, a.images, a.area, a.beds, a.baths, a.rating, a.remarks, a.properties, a.floor_plan, a.tags, a.create_time, a.city_id, a.community_id, a.address, a.state from house a WHERE state = 1 and a.type = ? order by a.create_time desc limit ?,? 
2018-05-09 00:29:52.629  [http-nio-8091-exec-2] DEBUG [com.mooc.house.biz.mapper.HouseMapper.selectPageHouses:] http-nio-8091-exec-2cid - ==> Parameters: 2(Integer), 0(Integer), 5(Integer)
2018-05-09 00:29:52.637  [http-nio-8091-exec-2] DEBUG [com.mooc.house.biz.mapper.HouseMapper.selectPageHouses:] http-nio-8091-exec-2cid - <==      Total: 2
2018-05-09 00:29:52.639  [http-nio-8091-exec-2] DEBUG [com.mooc.house.biz.mapper.HouseMapper.selectPageCount:] http-nio-8091-exec-2cid - ==>  Preparing: select count(id) from house a WHERE state = 1 and a.type = ? 
2018-05-09 00:29:52.640  [http-nio-8091-exec-2] DEBUG [com.mooc.house.biz.mapper.HouseMapper.selectPageCount:] http-nio-8091-exec-2cid - ==> Parameters: 2(Integer)
2018-05-09 00:29:52.642  [http-nio-8091-exec-2] DEBUG [com.mooc.house.biz.mapper.HouseMapper.selectPageCount:] http-nio-8091-exec-2cid - <==      Total: 1
2018-05-09 00:29:53.556  [http-nio-8091-exec-7] DEBUG [com.mooc.house.biz.mapper.HouseMapper.selectPageHouses:] http-nio-8091-exec-7cid - ==>  Preparing: select a.id, a.type, a.name, a.price, a.images, a.area, a.beds, a.baths, a.rating, a.remarks, a.properties, a.floor_plan, a.tags, a.create_time, a.city_id, a.community_id, a.address, a.state from house a WHERE state = 1 and a.type = ? order by a.create_time desc limit ?,? 
2018-05-09 00:29:53.558  [http-nio-8091-exec-7] DEBUG [com.mooc.house.biz.mapper.HouseMapper.selectPageHouses:] http-nio-8091-exec-7cid - ==> Parameters: 1(Integer), 0(Integer), 5(Integer)
2018-05-09 00:29:53.567  [http-nio-8091-exec-7] DEBUG [com.mooc.house.biz.mapper.HouseMapper.selectPageHouses:] http-nio-8091-exec-7cid - <==      Total: 5
2018-05-09 00:29:53.569  [http-nio-8091-exec-7] DEBUG [com.mooc.house.biz.mapper.HouseMapper.selectPageCount:] http-nio-8091-exec-7cid - ==>  Preparing: select count(id) from house a WHERE state = 1 and a.type = ? 
2018-05-09 00:29:53.570  [http-nio-8091-exec-7] DEBUG [com.mooc.house.biz.mapper.HouseMapper.selectPageCount:] http-nio-8091-exec-7cid - ==> Parameters: 1(Integer)
2018-05-09 00:29:53.572  [http-nio-8091-exec-7] DEBUG [com.mooc.house.biz.mapper.HouseMapper.selectPageCount:] http-nio-8091-exec-7cid - <==      Total: 1
2018-05-09 00:30:39.387  [http-nio-8091-exec-1] DEBUG [com.mooc.house.biz.mapper.HouseMapper.selectPageHouses:] http-nio-8091-exec-1cid - ==>  Preparing: select a.id, a.type, a.name, a.price, a.images, a.area, a.beds, a.baths, a.rating, a.remarks, a.properties, a.floor_plan, a.tags, a.create_time, a.city_id, a.community_id, a.address, a.state from house a WHERE state = 1 and a.type = ? order by a.create_time desc limit ?,? 
2018-05-09 00:30:39.392  [http-nio-8091-exec-1] DEBUG [com.mooc.house.biz.mapper.HouseMapper.selectPageHouses:] http-nio-8091-exec-1cid - ==> Parameters: 1(Integer), 5(Integer), 5(Integer)
2018-05-09 00:30:39.413  [http-nio-8091-exec-1] DEBUG [com.mooc.house.biz.mapper.HouseMapper.selectPageHouses:] http-nio-8091-exec-1cid - <==      Total: 5
2018-05-09 00:30:39.416  [http-nio-8091-exec-1] DEBUG [com.mooc.house.biz.mapper.HouseMapper.selectPageCount:] http-nio-8091-exec-1cid - ==>  Preparing: select count(id) from house a WHERE state = 1 and a.type = ? 
2018-05-09 00:30:39.419  [http-nio-8091-exec-1] DEBUG [com.mooc.house.biz.mapper.HouseMapper.selectPageCount:] http-nio-8091-exec-1cid - ==> Parameters: 1(Integer)
2018-05-09 00:30:39.421  [http-nio-8091-exec-1] DEBUG [com.mooc.house.biz.mapper.HouseMapper.selectPageCount:] http-nio-8091-exec-1cid - <==      Total: 1
