2018-05-10 17:24:08.011 [main] ERROR [org.apache.coyote.http11.Http11NioProtocol:181] maincid - Failed to start end point associated with ProtocolHandler ["http-nio-8092"]
java.io.IOException: Unable to establish loopback connection
	at sun.nio.ch.PipeImpl$Initializer.run(PipeImpl.java:94) ~[?:1.8.0_162]
	at sun.nio.ch.PipeImpl$Initializer.run(PipeImpl.java:61) ~[?:1.8.0_162]
	at java.security.AccessController.doPrivileged(Native Method) ~[?:1.8.0_162]
	at sun.nio.ch.PipeImpl.<init>(PipeImpl.java:171) ~[?:1.8.0_162]
	at sun.nio.ch.SelectorProviderImpl.openPipe(SelectorProviderImpl.java:50) ~[?:1.8.0_162]
	at java.nio.channels.Pipe.open(Pipe.java:155) ~[?:1.8.0_162]
	at sun.nio.ch.WindowsSelectorImpl.<init>(WindowsSelectorImpl.java:127) ~[?:1.8.0_162]
	at sun.nio.ch.WindowsSelectorProvider.openSelector(WindowsSelectorProvider.java:44) ~[?:1.8.0_162]
	at java.nio.channels.Selector.open(Selector.java:227) ~[?:1.8.0_162]
	at org.apache.tomcat.util.net.NioEndpoint$Poller.<init>(NioEndpoint.java:623) ~[tomcat-embed-core-8.5.15.jar:8.5.15]
	at org.apache.tomcat.util.net.NioEndpoint.startInternal(NioEndpoint.java:257) ~[tomcat-embed-core-8.5.15.jar:8.5.15]
	at org.apache.tomcat.util.net.AbstractEndpoint.start(AbstractEndpoint.java:981) ~[tomcat-embed-core-8.5.15.jar:8.5.15]
	at org.apache.coyote.AbstractProtocol.start(AbstractProtocol.java:628) ~[tomcat-embed-core-8.5.15.jar:8.5.15]
	at org.apache.catalina.connector.Connector.startInternal(Connector.java:1022) ~[tomcat-embed-core-8.5.15.jar:8.5.15]
	at org.apache.catalina.util.LifecycleBase.start(LifecycleBase.java:150) ~[tomcat-embed-core-8.5.15.jar:8.5.15]
	at org.apache.catalina.core.StandardService.addConnector(StandardService.java:225) ~[tomcat-embed-core-8.5.15.jar:8.5.15]
	at org.springframework.boot.context.embedded.tomcat.TomcatEmbeddedServletContainer.addPreviouslyRemovedConnectors(TomcatEmbeddedServletContainer.java:247) ~[spring-boot-1.4.7.RELEASE.jar:1.4.7.RELEASE]
	at org.springframework.boot.context.embedded.tomcat.TomcatEmbeddedServletContainer.start(TomcatEmbeddedServletContainer.java:190) ~[spring-boot-1.4.7.RELEASE.jar:1.4.7.RELEASE]
	at org.springframework.boot.context.embedded.EmbeddedWebApplicationContext.startEmbeddedServletContainer(EmbeddedWebApplicationContext.java:297) ~[spring-boot-1.4.7.RELEASE.jar:1.4.7.RELEASE]
	at org.springframework.boot.context.embedded.EmbeddedWebApplicationContext.finishRefresh(EmbeddedWebApplicationContext.java:145) ~[spring-boot-1.4.7.RELEASE.jar:1.4.7.RELEASE]
	at org.springframework.context.support.AbstractApplicationContext.refresh(AbstractApplicationContext.java:546) ~[spring-context-4.3.9.RELEASE.jar:4.3.9.RELEASE]
	at org.springframework.boot.context.embedded.EmbeddedWebApplicationContext.refresh(EmbeddedWebApplicationContext.java:122) ~[spring-boot-1.4.7.RELEASE.jar:1.4.7.RELEASE]
	at org.springframework.boot.actuate.autoconfigure.EndpointWebMvcAutoConfiguration.createChildManagementContext(EndpointWebMvcAutoConfiguration.java:193) ~[spring-boot-actuator-1.4.7.RELEASE.jar:1.4.7.RELEASE]
	at org.springframework.boot.actuate.autoconfigure.EndpointWebMvcAutoConfiguration.afterSingletonsInstantiated(EndpointWebMvcAutoConfiguration.java:156) ~[spring-boot-actuator-1.4.7.RELEASE.jar:1.4.7.RELEASE]
	at org.springframework.beans.factory.support.DefaultListableBeanFactory.preInstantiateSingletons(DefaultListableBeanFactory.java:781) ~[spring-beans-4.3.9.RELEASE.jar:4.3.9.RELEASE]
	at org.springframework.context.support.AbstractApplicationContext.finishBeanFactoryInitialization(AbstractApplicationContext.java:867) ~[spring-context-4.3.9.RELEASE.jar:4.3.9.RELEASE]
	at org.springframework.context.support.AbstractApplicationContext.refresh(AbstractApplicationContext.java:543) ~[spring-context-4.3.9.RELEASE.jar:4.3.9.RELEASE]
	at org.springframework.boot.context.embedded.EmbeddedWebApplicationContext.refresh(EmbeddedWebApplicationContext.java:122) ~[spring-boot-1.4.7.RELEASE.jar:1.4.7.RELEASE]
	at org.springframework.boot.SpringApplication.refresh(SpringApplication.java:762) ~[spring-boot-1.4.7.RELEASE.jar:1.4.7.RELEASE]
	at org.springframework.boot.SpringApplication.refreshContext(SpringApplication.java:372) ~[spring-boot-1.4.7.RELEASE.jar:1.4.7.RELEASE]
	at org.springframework.boot.SpringApplication.run(SpringApplication.java:316) ~[spring-boot-1.4.7.RELEASE.jar:1.4.7.RELEASE]
	at org.springframework.boot.SpringApplication.run(SpringApplication.java:1187) ~[spring-boot-1.4.7.RELEASE.jar:1.4.7.RELEASE]
	at org.springframework.boot.SpringApplication.run(SpringApplication.java:1176) ~[spring-boot-1.4.7.RELEASE.jar:1.4.7.RELEASE]
	at com.mooc.house.HouseApplication.main(HouseApplication.java:15) ~[classes/:?]
Caused by: java.net.ConnectException: Connection timed out: connect
	at sun.nio.ch.Net.connect0(Native Method) ~[?:1.8.0_162]
	at sun.nio.ch.Net.connect(Net.java:454) ~[?:1.8.0_162]
	at sun.nio.ch.Net.connect(Net.java:446) ~[?:1.8.0_162]
	at sun.nio.ch.SocketChannelImpl.connect(SocketChannelImpl.java:648) ~[?:1.8.0_162]
	at java.nio.channels.SocketChannel.open(SocketChannel.java:189) ~[?:1.8.0_162]
	at sun.nio.ch.PipeImpl$Initializer$LoopbackConnector.run(PipeImpl.java:127) ~[?:1.8.0_162]
	at sun.nio.ch.PipeImpl$Initializer.run(PipeImpl.java:76) ~[?:1.8.0_162]
	... 33 more
2018-05-10 17:24:08.011 [main] ERROR [org.apache.catalina.core.StandardService:181] maincid - Failed to start connector [Connector[HTTP/1.1-8092]]
org.apache.catalina.LifecycleException: Failed to start component [Connector[HTTP/1.1-8092]]
	at org.apache.catalina.util.LifecycleBase.start(LifecycleBase.java:167) ~[tomcat-embed-core-8.5.15.jar:8.5.15]
	at org.apache.catalina.core.StandardService.addConnector(StandardService.java:225) ~[tomcat-embed-core-8.5.15.jar:8.5.15]
	at org.springframework.boot.context.embedded.tomcat.TomcatEmbeddedServletContainer.addPreviouslyRemovedConnectors(TomcatEmbeddedServletContainer.java:247) ~[spring-boot-1.4.7.RELEASE.jar:1.4.7.RELEASE]
	at org.springframework.boot.context.embedded.tomcat.TomcatEmbeddedServletContainer.start(TomcatEmbeddedServletContainer.java:190) ~[spring-boot-1.4.7.RELEASE.jar:1.4.7.RELEASE]
	at org.springframework.boot.context.embedded.EmbeddedWebApplicationContext.startEmbeddedServletContainer(EmbeddedWebApplicationContext.java:297) ~[spring-boot-1.4.7.RELEASE.jar:1.4.7.RELEASE]
	at org.springframework.boot.context.embedded.EmbeddedWebApplicationContext.finishRefresh(EmbeddedWebApplicationContext.java:145) ~[spring-boot-1.4.7.RELEASE.jar:1.4.7.RELEASE]
	at org.springframework.context.support.AbstractApplicationContext.refresh(AbstractApplicationContext.java:546) ~[spring-context-4.3.9.RELEASE.jar:4.3.9.RELEASE]
	at org.springframework.boot.context.embedded.EmbeddedWebApplicationContext.refresh(EmbeddedWebApplicationContext.java:122) ~[spring-boot-1.4.7.RELEASE.jar:1.4.7.RELEASE]
	at org.springframework.boot.actuate.autoconfigure.EndpointWebMvcAutoConfiguration.createChildManagementContext(EndpointWebMvcAutoConfiguration.java:193) ~[spring-boot-actuator-1.4.7.RELEASE.jar:1.4.7.RELEASE]
	at org.springframework.boot.actuate.autoconfigure.EndpointWebMvcAutoConfiguration.afterSingletonsInstantiated(EndpointWebMvcAutoConfiguration.java:156) ~[spring-boot-actuator-1.4.7.RELEASE.jar:1.4.7.RELEASE]
	at org.springframework.beans.factory.support.DefaultListableBeanFactory.preInstantiateSingletons(DefaultListableBeanFactory.java:781) ~[spring-beans-4.3.9.RELEASE.jar:4.3.9.RELEASE]
	at org.springframework.context.support.AbstractApplicationContext.finishBeanFactoryInitialization(AbstractApplicationContext.java:867) ~[spring-context-4.3.9.RELEASE.jar:4.3.9.RELEASE]
	at org.springframework.context.support.AbstractApplicationContext.refresh(AbstractApplicationContext.java:543) ~[spring-context-4.3.9.RELEASE.jar:4.3.9.RELEASE]
	at org.springframework.boot.context.embedded.EmbeddedWebApplicationContext.refresh(EmbeddedWebApplicationContext.java:122) ~[spring-boot-1.4.7.RELEASE.jar:1.4.7.RELEASE]
	at org.springframework.boot.SpringApplication.refresh(SpringApplication.java:762) ~[spring-boot-1.4.7.RELEASE.jar:1.4.7.RELEASE]
	at org.springframework.boot.SpringApplication.refreshContext(SpringApplication.java:372) ~[spring-boot-1.4.7.RELEASE.jar:1.4.7.RELEASE]
	at org.springframework.boot.SpringApplication.run(SpringApplication.java:316) ~[spring-boot-1.4.7.RELEASE.jar:1.4.7.RELEASE]
	at org.springframework.boot.SpringApplication.run(SpringApplication.java:1187) ~[spring-boot-1.4.7.RELEASE.jar:1.4.7.RELEASE]
	at org.springframework.boot.SpringApplication.run(SpringApplication.java:1176) ~[spring-boot-1.4.7.RELEASE.jar:1.4.7.RELEASE]
	at com.mooc.house.HouseApplication.main(HouseApplication.java:15) ~[classes/:?]
Caused by: org.apache.catalina.LifecycleException: service.getName(): "Tomcat";  Protocol handler start failed
	at org.apache.catalina.connector.Connector.startInternal(Connector.java:1029) ~[tomcat-embed-core-8.5.15.jar:8.5.15]
	at org.apache.catalina.util.LifecycleBase.start(LifecycleBase.java:150) ~[tomcat-embed-core-8.5.15.jar:8.5.15]
	... 19 more
Caused by: java.io.IOException: Unable to establish loopback connection
	at sun.nio.ch.PipeImpl$Initializer.run(PipeImpl.java:94) ~[?:1.8.0_162]
	at sun.nio.ch.PipeImpl$Initializer.run(PipeImpl.java:61) ~[?:1.8.0_162]
	at java.security.AccessController.doPrivileged(Native Method) ~[?:1.8.0_162]
	at sun.nio.ch.PipeImpl.<init>(PipeImpl.java:171) ~[?:1.8.0_162]
	at sun.nio.ch.SelectorProviderImpl.openPipe(SelectorProviderImpl.java:50) ~[?:1.8.0_162]
	at java.nio.channels.Pipe.open(Pipe.java:155) ~[?:1.8.0_162]
	at sun.nio.ch.WindowsSelectorImpl.<init>(WindowsSelectorImpl.java:127) ~[?:1.8.0_162]
	at sun.nio.ch.WindowsSelectorProvider.openSelector(WindowsSelectorProvider.java:44) ~[?:1.8.0_162]
	at java.nio.channels.Selector.open(Selector.java:227) ~[?:1.8.0_162]
	at org.apache.tomcat.util.net.NioEndpoint$Poller.<init>(NioEndpoint.java:623) ~[tomcat-embed-core-8.5.15.jar:8.5.15]
	at org.apache.tomcat.util.net.NioEndpoint.startInternal(NioEndpoint.java:257) ~[tomcat-embed-core-8.5.15.jar:8.5.15]
	at org.apache.tomcat.util.net.AbstractEndpoint.start(AbstractEndpoint.java:981) ~[tomcat-embed-core-8.5.15.jar:8.5.15]
	at org.apache.coyote.AbstractProtocol.start(AbstractProtocol.java:628) ~[tomcat-embed-core-8.5.15.jar:8.5.15]
	at org.apache.catalina.connector.Connector.startInternal(Connector.java:1022) ~[tomcat-embed-core-8.5.15.jar:8.5.15]
	at org.apache.catalina.util.LifecycleBase.start(LifecycleBase.java:150) ~[tomcat-embed-core-8.5.15.jar:8.5.15]
	... 19 more
Caused by: java.net.ConnectException: Connection timed out: connect
	at sun.nio.ch.Net.connect0(Native Method) ~[?:1.8.0_162]
	at sun.nio.ch.Net.connect(Net.java:454) ~[?:1.8.0_162]
	at sun.nio.ch.Net.connect(Net.java:446) ~[?:1.8.0_162]
	at sun.nio.ch.SocketChannelImpl.connect(SocketChannelImpl.java:648) ~[?:1.8.0_162]
	at java.nio.channels.SocketChannel.open(SocketChannel.java:189) ~[?:1.8.0_162]
	at sun.nio.ch.PipeImpl$Initializer$LoopbackConnector.run(PipeImpl.java:127) ~[?:1.8.0_162]
	at sun.nio.ch.PipeImpl$Initializer.run(PipeImpl.java:76) ~[?:1.8.0_162]
	at sun.nio.ch.PipeImpl$Initializer.run(PipeImpl.java:61) ~[?:1.8.0_162]
	at java.security.AccessController.doPrivileged(Native Method) ~[?:1.8.0_162]
	at sun.nio.ch.PipeImpl.<init>(PipeImpl.java:171) ~[?:1.8.0_162]
	at sun.nio.ch.SelectorProviderImpl.openPipe(SelectorProviderImpl.java:50) ~[?:1.8.0_162]
	at java.nio.channels.Pipe.open(Pipe.java:155) ~[?:1.8.0_162]
	at sun.nio.ch.WindowsSelectorImpl.<init>(WindowsSelectorImpl.java:127) ~[?:1.8.0_162]
	at sun.nio.ch.WindowsSelectorProvider.openSelector(WindowsSelectorProvider.java:44) ~[?:1.8.0_162]
	at java.nio.channels.Selector.open(Selector.java:227) ~[?:1.8.0_162]
	at org.apache.tomcat.util.net.NioEndpoint$Poller.<init>(NioEndpoint.java:623) ~[tomcat-embed-core-8.5.15.jar:8.5.15]
	at org.apache.tomcat.util.net.NioEndpoint.startInternal(NioEndpoint.java:257) ~[tomcat-embed-core-8.5.15.jar:8.5.15]
	at org.apache.tomcat.util.net.AbstractEndpoint.start(AbstractEndpoint.java:981) ~[tomcat-embed-core-8.5.15.jar:8.5.15]
	at org.apache.coyote.AbstractProtocol.start(AbstractProtocol.java:628) ~[tomcat-embed-core-8.5.15.jar:8.5.15]
	at org.apache.catalina.connector.Connector.startInternal(Connector.java:1022) ~[tomcat-embed-core-8.5.15.jar:8.5.15]
	at org.apache.catalina.util.LifecycleBase.start(LifecycleBase.java:150) ~[tomcat-embed-core-8.5.15.jar:8.5.15]
	... 19 more
2018-05-10 17:24:08.035 [main] ERROR [org.apache.coyote.http11.Http11NioProtocol:181] maincid - Failed to pause end point associated with ProtocolHandler ["http-nio-8092"]
java.lang.NullPointerException
	at org.apache.tomcat.util.net.AbstractEndpoint.unlockAccept(AbstractEndpoint.java:784) ~[tomcat-embed-core-8.5.15.jar:8.5.15]
	at org.apache.tomcat.util.net.AbstractEndpoint.pause(AbstractEndpoint.java:1013) ~[tomcat-embed-core-8.5.15.jar:8.5.15]
	at org.apache.coyote.AbstractProtocol.pause(AbstractProtocol.java:654) ~[tomcat-embed-core-8.5.15.jar:8.5.15]
	at org.apache.catalina.connector.Connector.pause(Connector.java:944) ~[tomcat-embed-core-8.5.15.jar:8.5.15]
	at org.apache.catalina.core.StandardService.stopInternal(StandardService.java:467) ~[tomcat-embed-core-8.5.15.jar:8.5.15]
	at org.apache.catalina.util.LifecycleBase.stop(LifecycleBase.java:226) ~[tomcat-embed-core-8.5.15.jar:8.5.15]
	at org.apache.catalina.core.StandardServer.stopInternal(StandardServer.java:814) ~[tomcat-embed-core-8.5.15.jar:8.5.15]
	at org.apache.catalina.util.LifecycleBase.stop(LifecycleBase.java:226) ~[tomcat-embed-core-8.5.15.jar:8.5.15]
	at org.apache.catalina.startup.Tomcat.stop(Tomcat.java:354) ~[tomcat-embed-core-8.5.15.jar:8.5.15]
	at org.springframework.boot.context.embedded.tomcat.TomcatEmbeddedServletContainer.stopTomcat(TomcatEmbeddedServletContainer.java:238) ~[spring-boot-1.4.7.RELEASE.jar:1.4.7.RELEASE]
	at org.springframework.boot.context.embedded.tomcat.TomcatEmbeddedServletContainer.stopSilently(TomcatEmbeddedServletContainer.java:226) ~[spring-boot-1.4.7.RELEASE.jar:1.4.7.RELEASE]
	at org.springframework.boot.context.embedded.tomcat.TomcatEmbeddedServletContainer.start(TomcatEmbeddedServletContainer.java:201) ~[spring-boot-1.4.7.RELEASE.jar:1.4.7.RELEASE]
	at org.springframework.boot.context.embedded.EmbeddedWebApplicationContext.startEmbeddedServletContainer(EmbeddedWebApplicationContext.java:297) ~[spring-boot-1.4.7.RELEASE.jar:1.4.7.RELEASE]
	at org.springframework.boot.context.embedded.EmbeddedWebApplicationContext.finishRefresh(EmbeddedWebApplicationContext.java:145) ~[spring-boot-1.4.7.RELEASE.jar:1.4.7.RELEASE]
	at org.springframework.context.support.AbstractApplicationContext.refresh(AbstractApplicationContext.java:546) ~[spring-context-4.3.9.RELEASE.jar:4.3.9.RELEASE]
	at org.springframework.boot.context.embedded.EmbeddedWebApplicationContext.refresh(EmbeddedWebApplicationContext.java:122) ~[spring-boot-1.4.7.RELEASE.jar:1.4.7.RELEASE]
	at org.springframework.boot.actuate.autoconfigure.EndpointWebMvcAutoConfiguration.createChildManagementContext(EndpointWebMvcAutoConfiguration.java:193) ~[spring-boot-actuator-1.4.7.RELEASE.jar:1.4.7.RELEASE]
	at org.springframework.boot.actuate.autoconfigure.EndpointWebMvcAutoConfiguration.afterSingletonsInstantiated(EndpointWebMvcAutoConfiguration.java:156) ~[spring-boot-actuator-1.4.7.RELEASE.jar:1.4.7.RELEASE]
	at org.springframework.beans.factory.support.DefaultListableBeanFactory.preInstantiateSingletons(DefaultListableBeanFactory.java:781) ~[spring-beans-4.3.9.RELEASE.jar:4.3.9.RELEASE]
	at org.springframework.context.support.AbstractApplicationContext.finishBeanFactoryInitialization(AbstractApplicationContext.java:867) ~[spring-context-4.3.9.RELEASE.jar:4.3.9.RELEASE]
	at org.springframework.context.support.AbstractApplicationContext.refresh(AbstractApplicationContext.java:543) ~[spring-context-4.3.9.RELEASE.jar:4.3.9.RELEASE]
	at org.springframework.boot.context.embedded.EmbeddedWebApplicationContext.refresh(EmbeddedWebApplicationContext.java:122) ~[spring-boot-1.4.7.RELEASE.jar:1.4.7.RELEASE]
	at org.springframework.boot.SpringApplication.refresh(SpringApplication.java:762) ~[spring-boot-1.4.7.RELEASE.jar:1.4.7.RELEASE]
	at org.springframework.boot.SpringApplication.refreshContext(SpringApplication.java:372) ~[spring-boot-1.4.7.RELEASE.jar:1.4.7.RELEASE]
	at org.springframework.boot.SpringApplication.run(SpringApplication.java:316) ~[spring-boot-1.4.7.RELEASE.jar:1.4.7.RELEASE]
	at org.springframework.boot.SpringApplication.run(SpringApplication.java:1187) ~[spring-boot-1.4.7.RELEASE.jar:1.4.7.RELEASE]
	at org.springframework.boot.SpringApplication.run(SpringApplication.java:1176) ~[spring-boot-1.4.7.RELEASE.jar:1.4.7.RELEASE]
	at com.mooc.house.HouseApplication.main(HouseApplication.java:15) ~[classes/:?]
2018-05-10 17:24:08.037 [main] ERROR [org.apache.catalina.connector.Connector:181] maincid - Protocol handler pause failed
java.lang.NullPointerException
	at org.apache.tomcat.util.net.AbstractEndpoint.unlockAccept(AbstractEndpoint.java:784) ~[tomcat-embed-core-8.5.15.jar:8.5.15]
	at org.apache.tomcat.util.net.AbstractEndpoint.pause(AbstractEndpoint.java:1013) ~[tomcat-embed-core-8.5.15.jar:8.5.15]
	at org.apache.coyote.AbstractProtocol.pause(AbstractProtocol.java:654) ~[tomcat-embed-core-8.5.15.jar:8.5.15]
	at org.apache.catalina.connector.Connector.pause(Connector.java:944) ~[tomcat-embed-core-8.5.15.jar:8.5.15]
	at org.apache.catalina.core.StandardService.stopInternal(StandardService.java:467) ~[tomcat-embed-core-8.5.15.jar:8.5.15]
	at org.apache.catalina.util.LifecycleBase.stop(LifecycleBase.java:226) ~[tomcat-embed-core-8.5.15.jar:8.5.15]
	at org.apache.catalina.core.StandardServer.stopInternal(StandardServer.java:814) ~[tomcat-embed-core-8.5.15.jar:8.5.15]
	at org.apache.catalina.util.LifecycleBase.stop(LifecycleBase.java:226) ~[tomcat-embed-core-8.5.15.jar:8.5.15]
	at org.apache.catalina.startup.Tomcat.stop(Tomcat.java:354) ~[tomcat-embed-core-8.5.15.jar:8.5.15]
	at org.springframework.boot.context.embedded.tomcat.TomcatEmbeddedServletContainer.stopTomcat(TomcatEmbeddedServletContainer.java:238) ~[spring-boot-1.4.7.RELEASE.jar:1.4.7.RELEASE]
	at org.springframework.boot.context.embedded.tomcat.TomcatEmbeddedServletContainer.stopSilently(TomcatEmbeddedServletContainer.java:226) ~[spring-boot-1.4.7.RELEASE.jar:1.4.7.RELEASE]
	at org.springframework.boot.context.embedded.tomcat.TomcatEmbeddedServletContainer.start(TomcatEmbeddedServletContainer.java:201) ~[spring-boot-1.4.7.RELEASE.jar:1.4.7.RELEASE]
	at org.springframework.boot.context.embedded.EmbeddedWebApplicationContext.startEmbeddedServletContainer(EmbeddedWebApplicationContext.java:297) ~[spring-boot-1.4.7.RELEASE.jar:1.4.7.RELEASE]
	at org.springframework.boot.context.embedded.EmbeddedWebApplicationContext.finishRefresh(EmbeddedWebApplicationContext.java:145) ~[spring-boot-1.4.7.RELEASE.jar:1.4.7.RELEASE]
	at org.springframework.context.support.AbstractApplicationContext.refresh(AbstractApplicationContext.java:546) ~[spring-context-4.3.9.RELEASE.jar:4.3.9.RELEASE]
	at org.springframework.boot.context.embedded.EmbeddedWebApplicationContext.refresh(EmbeddedWebApplicationContext.java:122) ~[spring-boot-1.4.7.RELEASE.jar:1.4.7.RELEASE]
	at org.springframework.boot.actuate.autoconfigure.EndpointWebMvcAutoConfiguration.createChildManagementContext(EndpointWebMvcAutoConfiguration.java:193) ~[spring-boot-actuator-1.4.7.RELEASE.jar:1.4.7.RELEASE]
	at org.springframework.boot.actuate.autoconfigure.EndpointWebMvcAutoConfiguration.afterSingletonsInstantiated(EndpointWebMvcAutoConfiguration.java:156) ~[spring-boot-actuator-1.4.7.RELEASE.jar:1.4.7.RELEASE]
	at org.springframework.beans.factory.support.DefaultListableBeanFactory.preInstantiateSingletons(DefaultListableBeanFactory.java:781) ~[spring-beans-4.3.9.RELEASE.jar:4.3.9.RELEASE]
	at org.springframework.context.support.AbstractApplicationContext.finishBeanFactoryInitialization(AbstractApplicationContext.java:867) ~[spring-context-4.3.9.RELEASE.jar:4.3.9.RELEASE]
	at org.springframework.context.support.AbstractApplicationContext.refresh(AbstractApplicationContext.java:543) ~[spring-context-4.3.9.RELEASE.jar:4.3.9.RELEASE]
	at org.springframework.boot.context.embedded.EmbeddedWebApplicationContext.refresh(EmbeddedWebApplicationContext.java:122) ~[spring-boot-1.4.7.RELEASE.jar:1.4.7.RELEASE]
	at org.springframework.boot.SpringApplication.refresh(SpringApplication.java:762) ~[spring-boot-1.4.7.RELEASE.jar:1.4.7.RELEASE]
	at org.springframework.boot.SpringApplication.refreshContext(SpringApplication.java:372) ~[spring-boot-1.4.7.RELEASE.jar:1.4.7.RELEASE]
	at org.springframework.boot.SpringApplication.run(SpringApplication.java:316) ~[spring-boot-1.4.7.RELEASE.jar:1.4.7.RELEASE]
	at org.springframework.boot.SpringApplication.run(SpringApplication.java:1187) ~[spring-boot-1.4.7.RELEASE.jar:1.4.7.RELEASE]
	at org.springframework.boot.SpringApplication.run(SpringApplication.java:1176) ~[spring-boot-1.4.7.RELEASE.jar:1.4.7.RELEASE]
	at com.mooc.house.HouseApplication.main(HouseApplication.java:15) ~[classes/:?]
2018-05-10 17:24:08.071 [main] ERROR [org.apache.coyote.http11.Http11NioProtocol:181] maincid - Failed to stop end point associated with ProtocolHandler ["http-nio-8092"]
java.lang.NullPointerException
	at org.apache.tomcat.util.net.AbstractEndpoint.unlockAccept(AbstractEndpoint.java:784) ~[tomcat-embed-core-8.5.15.jar:8.5.15]
	at org.apache.tomcat.util.net.NioEndpoint.stopInternal(NioEndpoint.java:280) ~[tomcat-embed-core-8.5.15.jar:8.5.15]
	at org.apache.tomcat.util.net.AbstractEndpoint.stop(AbstractEndpoint.java:1029) ~[tomcat-embed-core-8.5.15.jar:8.5.15]
	at org.apache.coyote.AbstractProtocol.stop(AbstractProtocol.java:688) ~[tomcat-embed-core-8.5.15.jar:8.5.15]
	at org.apache.catalina.connector.Connector.stopInternal(Connector.java:1047) ~[tomcat-embed-core-8.5.15.jar:8.5.15]
	at org.apache.catalina.util.LifecycleBase.stop(LifecycleBase.java:226) ~[tomcat-embed-core-8.5.15.jar:8.5.15]
	at org.apache.catalina.util.LifecycleBase.destroy(LifecycleBase.java:264) ~[tomcat-embed-core-8.5.15.jar:8.5.15]
	at org.apache.catalina.core.StandardService.destroyInternal(StandardService.java:571) ~[tomcat-embed-core-8.5.15.jar:8.5.15]
	at org.apache.catalina.util.LifecycleBase.destroy(LifecycleBase.java:297) ~[tomcat-embed-core-8.5.15.jar:8.5.15]
	at org.apache.catalina.core.StandardServer.destroyInternal(StandardServer.java:883) ~[tomcat-embed-core-8.5.15.jar:8.5.15]
	at org.apache.catalina.util.LifecycleBase.destroy(LifecycleBase.java:297) ~[tomcat-embed-core-8.5.15.jar:8.5.15]
	at org.apache.catalina.startup.Tomcat.destroy(Tomcat.java:366) ~[tomcat-embed-core-8.5.15.jar:8.5.15]
	at org.springframework.boot.context.embedded.tomcat.TomcatEmbeddedServletContainer.stop(TomcatEmbeddedServletContainer.java:293) ~[spring-boot-1.4.7.RELEASE.jar:1.4.7.RELEASE]
	at org.springframework.boot.context.embedded.EmbeddedWebApplicationContext.stopAndReleaseEmbeddedServletContainer(EmbeddedWebApplicationContext.java:306) ~[spring-boot-1.4.7.RELEASE.jar:1.4.7.RELEASE]
	at org.springframework.boot.context.embedded.EmbeddedWebApplicationContext.refresh(EmbeddedWebApplicationContext.java:125) ~[spring-boot-1.4.7.RELEASE.jar:1.4.7.RELEASE]
	at org.springframework.boot.actuate.autoconfigure.EndpointWebMvcAutoConfiguration.createChildManagementContext(EndpointWebMvcAutoConfiguration.java:193) ~[spring-boot-actuator-1.4.7.RELEASE.jar:1.4.7.RELEASE]
	at org.springframework.boot.actuate.autoconfigure.EndpointWebMvcAutoConfiguration.afterSingletonsInstantiated(EndpointWebMvcAutoConfiguration.java:156) ~[spring-boot-actuator-1.4.7.RELEASE.jar:1.4.7.RELEASE]
	at org.springframework.beans.factory.support.DefaultListableBeanFactory.preInstantiateSingletons(DefaultListableBeanFactory.java:781) ~[spring-beans-4.3.9.RELEASE.jar:4.3.9.RELEASE]
	at org.springframework.context.support.AbstractApplicationContext.finishBeanFactoryInitialization(AbstractApplicationContext.java:867) ~[spring-context-4.3.9.RELEASE.jar:4.3.9.RELEASE]
	at org.springframework.context.support.AbstractApplicationContext.refresh(AbstractApplicationContext.java:543) ~[spring-context-4.3.9.RELEASE.jar:4.3.9.RELEASE]
	at org.springframework.boot.context.embedded.EmbeddedWebApplicationContext.refresh(EmbeddedWebApplicationContext.java:122) ~[spring-boot-1.4.7.RELEASE.jar:1.4.7.RELEASE]
	at org.springframework.boot.SpringApplication.refresh(SpringApplication.java:762) ~[spring-boot-1.4.7.RELEASE.jar:1.4.7.RELEASE]
	at org.springframework.boot.SpringApplication.refreshContext(SpringApplication.java:372) ~[spring-boot-1.4.7.RELEASE.jar:1.4.7.RELEASE]
	at org.springframework.boot.SpringApplication.run(SpringApplication.java:316) ~[spring-boot-1.4.7.RELEASE.jar:1.4.7.RELEASE]
	at org.springframework.boot.SpringApplication.run(SpringApplication.java:1187) ~[spring-boot-1.4.7.RELEASE.jar:1.4.7.RELEASE]
	at org.springframework.boot.SpringApplication.run(SpringApplication.java:1176) ~[spring-boot-1.4.7.RELEASE.jar:1.4.7.RELEASE]
	at com.mooc.house.HouseApplication.main(HouseApplication.java:15) ~[classes/:?]
2018-05-10 17:24:08.097 [main] ERROR [org.springframework.boot.diagnostics.LoggingFailureAnalysisReporter:42] maincid - 

***************************
APPLICATION FAILED TO START
***************************

Description:

The Tomcat connector configured to listen on port 8092 failed to start. The port may already be in use or the connector may be misconfigured.

Action:

Verify the connector's configuration, identify and stop any process that's listening on port 8092, or configure this application to listen on another port.

